<?xml version="1.0" encoding="UTF-8"?>
<testsuite name="TicTacToeTest" tests="1" skipped="0" failures="0" errors="0" timestamp="2021-04-22T13:42:58" hostname="reborn" time="0.949">
  <properties/>
  <testcase name="start" classname="TicTacToeTest" time="0.949"/>
  <system-out><![CDATA[?[1;31m
Start test 1?[0m
---------
| _ _ _ |
| _ _ _ |
| _ _ _ |
---------
> 4 3
Enter the coordinated: 4 3
Coordinates should be from 1 to 3
> 4 4
Enter the coordinated: 4 4
Coordinates should be from 1 to 3
> 4 1
Enter the coordinated: 4 1
Coordinates should be from 1 to 3
> 3 4
Enter the coordinated: 3 4
Coordinates should be from 1 to 3
> 3 2
Enter the coordinated: 3 2
---------
| _ _ _ |
| _ _ _ |
| _ X _ |
---------
> 4 1
Enter the coordinated: 4 1
Coordinates should be from 1 to 3
> 3 4
Enter the coordinated: 3 4
Coordinates should be from 1 to 3
> 3 3
Enter the coordinated: 3 3
---------
| _ _ _ |
| _ _ _ |
| _ X O |
---------
> 4 2
Enter the coordinated: 4 2
Coordinates should be from 1 to 3
> 2 4
Enter the coordinated: 2 4
Coordinates should be from 1 to 3
> 1 1
Enter the coordinated: 1 1
---------
| X _ _ |
| _ _ _ |
| _ X O |
---------
> 1 2
Enter the coordinated: 1 2
---------
| X O _ |
| _ _ _ |
| _ X O |
---------
> 1 3
Enter the coordinated: 1 3
---------
| X O X |
| _ _ _ |
| _ X O |
---------
> 2 1
Enter the coordinated: 2 1
---------
| X O X |
| O _ _ |
| _ X O |
---------
> 2 2
Enter the coordinated: 2 2
---------
| X O X |
| O X _ |
| _ X O |
---------
> 2 3
Enter the coordinated: 2 3
---------
| X O X |
| O X O |
| _ X O |
---------
> 3 1
Enter the coordinated: 3 1
---------
| X O X |
| O X O |
| X X O |
---------
X wins
?[1;31m
Start test 2?[0m
---------
| _ _ _ |
| _ _ _ |
| _ _ _ |
---------
> 4 1
Enter the coordinated: 4 1
Coordinates should be from 1 to 3
> 3 1
Enter the coordinated: 3 1
---------
| _ _ _ |
| _ _ _ |
| X _ _ |
---------
> 2 4
Enter the coordinated: 2 4
Coordinates should be from 1 to 3
> 3 4
Enter the coordinated: 3 4
Coordinates should be from 1 to 3
> 2 1
Enter the coordinated: 2 1
---------
| _ _ _ |
| O _ _ |
| X _ _ |
---------
> 4 1
Enter the coordinated: 4 1
Coordinates should be from 1 to 3
> 4 1
Enter the coordinated: 4 1
Coordinates should be from 1 to 3
> 1 3
Enter the coordinated: 1 3
---------
| _ _ X |
| O _ _ |
| X _ _ |
---------
> 1 2
Enter the coordinated: 1 2
---------
| _ O X |
| O _ _ |
| X _ _ |
---------
> 1 4
Enter the coordinated: 1 4
Coordinates should be from 1 to 3
> 4 1
Enter the coordinated: 4 1
Coordinates should be from 1 to 3
> 1 2
Enter the coordinated: 1 2
This cell is occupied! choose another one!
> 1 3
Enter the coordinated: 1 3
This cell is occupied! choose another one!
> 2 1
Enter the coordinated: 2 1
This cell is occupied! choose another one!
> 2 2
Enter the coordinated: 2 2
---------
| _ O X |
| O X _ |
| X _ _ |
---------
X wins
?[1;31m
Start test 3?[0m
---------
| _ _ _ |
| _ _ _ |
| _ _ _ |
---------
> 1 1
Enter the coordinated: 1 1
---------
| X _ _ |
| _ _ _ |
| _ _ _ |
---------
> 4 1
Enter the coordinated: 4 1
Coordinates should be from 1 to 3
> 4 2
Enter the coordinated: 4 2
Coordinates should be from 1 to 3
> 1 1
Enter the coordinated: 1 1
This cell is occupied! choose another one!
> 2 4
Enter the coordinated: 2 4
Coordinates should be from 1 to 3
> 2 2
Enter the coordinated: 2 2
---------
| X _ _ |
| _ O _ |
| _ _ _ |
---------
> 1 2
Enter the coordinated: 1 2
---------
| X X _ |
| _ O _ |
| _ _ _ |
---------
> 3 1
Enter the coordinated: 3 1
---------
| X X _ |
| _ O _ |
| O _ _ |
---------
> 3 1
Enter the coordinated: 3 1
This cell is occupied! choose another one!
> 3 1
Enter the coordinated: 3 1
This cell is occupied! choose another one!
> 1 3
Enter the coordinated: 1 3
---------
| X X X |
| _ O _ |
| O _ _ |
---------
X wins
?[1;31m
Start test 4?[0m
---------
| _ _ _ |
| _ _ _ |
| _ _ _ |
---------
> 4 3
Enter the coordinated: 4 3
Coordinates should be from 1 to 3
> 2 4
Enter the coordinated: 2 4
Coordinates should be from 1 to 3
> 1 4
Enter the coordinated: 1 4
Coordinates should be from 1 to 3
> 3 2
Enter the coordinated: 3 2
---------
| _ _ _ |
| _ _ _ |
| _ X _ |
---------
> 2 1
Enter the coordinated: 2 1
---------
| _ _ _ |
| O _ _ |
| _ X _ |
---------
> 2 1
Enter the coordinated: 2 1
This cell is occupied! choose another one!
> 1 1
Enter the coordinated: 1 1
---------
| X _ _ |
| O _ _ |
| _ X _ |
---------
> 1 3
Enter the coordinated: 1 3
---------
| X _ O |
| O _ _ |
| _ X _ |
---------
> 3 3
Enter the coordinated: 3 3
---------
| X _ O |
| O _ _ |
| _ X X |
---------
> 1 3
Enter the coordinated: 1 3
This cell is occupied! choose another one!
> 3 3
Enter the coordinated: 3 3
This cell is occupied! choose another one!
> 2 1
Enter the coordinated: 2 1
This cell is occupied! choose another one!
> 2 2
Enter the coordinated: 2 2
---------
| X _ O |
| O O _ |
| _ X X |
---------
> 2 3
Enter the coordinated: 2 3
---------
| X _ O |
| O O X |
| _ X X |
---------
> 3 1
Enter the coordinated: 3 1
---------
| X _ O |
| O O X |
| O X X |
---------
O wins
?[1;31m
Start test 5?[0m
---------
| _ _ _ |
| _ _ _ |
| _ _ _ |
---------
> 2 4
Enter the coordinated: 2 4
Coordinates should be from 1 to 3
> 3 4
Enter the coordinated: 3 4
Coordinates should be from 1 to 3
> 4 1
Enter the coordinated: 4 1
Coordinates should be from 1 to 3
> 1 3
Enter the coordinated: 1 3
---------
| _ _ X |
| _ _ _ |
| _ _ _ |
---------
> 2 3
Enter the coordinated: 2 3
---------
| _ _ X |
| _ _ O |
| _ _ _ |
---------
> 2 4
Enter the coordinated: 2 4
Coordinates should be from 1 to 3
> 1 1
Enter the coordinated: 1 1
---------
| X _ X |
| _ _ O |
| _ _ _ |
---------
> 3 4
Enter the coordinated: 3 4
Coordinates should be from 1 to 3
> 4 4
Enter the coordinated: 4 4
Coordinates should be from 1 to 3
> 2 3
Enter the coordinated: 2 3
This cell is occupied! choose another one!
> 2 2
Enter the coordinated: 2 2
---------
| X _ X |
| _ O O |
| _ _ _ |
---------
> 2 3
Enter the coordinated: 2 3
This cell is occupied! choose another one!
> 3 1
Enter the coordinated: 3 1
---------
| X _ X |
| _ O O |
| X _ _ |
---------
> 3 2
Enter the coordinated: 3 2
---------
| X _ X |
| _ O O |
| X O _ |
---------
> 3 3
Enter the coordinated: 3 3
---------
| X _ X |
| _ O O |
| X O X |
---------
> 1 1
Enter the coordinated: 1 1
This cell is occupied! choose another one!
> 1 2
Enter the coordinated: 1 2
---------
| X O X |
| _ O O |
| X O X |
---------
O wins
?[1;31m
Start test 6?[0m
---------
| _ _ _ |
| _ _ _ |
| _ _ _ |
---------
> 4 5
Enter the coordinated: 4 5
Coordinates should be from 1 to 3
> 1 1
Enter the coordinated: 1 1
---------
| X _ _ |
| _ _ _ |
| _ _ _ |
---------
> 3 2
Enter the coordinated: 3 2
---------
| X _ _ |
| _ _ _ |
| _ O _ |
---------
> 1 3
Enter the coordinated: 1 3
---------
| X _ X |
| _ _ _ |
| _ O _ |
---------
> 4 4
Enter the coordinated: 4 4
Coordinates should be from 1 to 3
> 4 4
Enter the coordinated: 4 4
Coordinates should be from 1 to 3
> 3 4
Enter the coordinated: 3 4
Coordinates should be from 1 to 3
> 2 3
Enter the coordinated: 2 3
---------
| X _ X |
| _ _ O |
| _ O _ |
---------
> 3 2
Enter the coordinated: 3 2
This cell is occupied! choose another one!
> 1 1
Enter the coordinated: 1 1
This cell is occupied! choose another one!
> 2 1
Enter the coordinated: 2 1
---------
| X _ X |
| X _ O |
| _ O _ |
---------
> 2 3
Enter the coordinated: 2 3
This cell is occupied! choose another one!
> 3 1
Enter the coordinated: 3 1
---------
| X _ X |
| X _ O |
| O O _ |
---------
> 3 2
Enter the coordinated: 3 2
This cell is occupied! choose another one!
> 3 3
Enter the coordinated: 3 3
---------
| X _ X |
| X _ O |
| O O X |
---------
> 1 1
Enter the coordinated: 1 1
This cell is occupied! choose another one!
> 1 2
Enter the coordinated: 1 2
---------
| X O X |
| X _ O |
| O O X |
---------
> 1 3
Enter the coordinated: 1 3
This cell is occupied! choose another one!
> 2 1
Enter the coordinated: 2 1
This cell is occupied! choose another one!
> 2 2
Enter the coordinated: 2 2
---------
| X O X |
| X X O |
| O O X |
---------
X wins
?[1;31m
Start test 7?[0m
---------
| _ _ _ |
| _ _ _ |
| _ _ _ |
---------
> 4 4
Enter the coordinated: 4 4
Coordinates should be from 1 to 3
> 4 4
Enter the coordinated: 4 4
Coordinates should be from 1 to 3
> 2 2
Enter the coordinated: 2 2
---------
| _ _ _ |
| _ X _ |
| _ _ _ |
---------
> 3 4
Enter the coordinated: 3 4
Coordinates should be from 1 to 3
> 1 3
Enter the coordinated: 1 3
---------
| _ _ O |
| _ X _ |
| _ _ _ |
---------
> 2 3
Enter the coordinated: 2 3
---------
| _ _ O |
| _ X X |
| _ _ _ |
---------
> 4 2
Enter the coordinated: 4 2
Coordinates should be from 1 to 3
> 2 2
Enter the coordinated: 2 2
This cell is occupied! choose another one!
> 1 4
Enter the coordinated: 1 4
Coordinates should be from 1 to 3
> 1 1
Enter the coordinated: 1 1
---------
| O _ O |
| _ X X |
| _ _ _ |
---------
> 3 1
Enter the coordinated: 3 1
---------
| O _ O |
| _ X X |
| X _ _ |
---------
> 3 2
Enter the coordinated: 3 2
---------
| O _ O |
| _ X X |
| X O _ |
---------
> 3 3
Enter the coordinated: 3 3
---------
| O _ O |
| _ X X |
| X O X |
---------
> 1 1
Enter the coordinated: 1 1
This cell is occupied! choose another one!
> 1 2
Enter the coordinated: 1 2
---------
| O O O |
| _ X X |
| X O X |
---------
O wins
?[1;31m
Start test 8?[0m
---------
| _ _ _ |
| _ _ _ |
| _ _ _ |
---------
> 4 7
Enter the coordinated: 4 7
Coordinates should be from 1 to 3
> 3 3
Enter the coordinated: 3 3
---------
| _ _ _ |
| _ _ _ |
| _ _ X |
---------
> 1 2
Enter the coordinated: 1 2
---------
| _ O _ |
| _ _ _ |
| _ _ X |
---------
> 2 4
Enter the coordinated: 2 4
Coordinates should be from 1 to 3
> 4 2
Enter the coordinated: 4 2
Coordinates should be from 1 to 3
> 3 4
Enter the coordinated: 3 4
Coordinates should be from 1 to 3
> 3 3
Enter the coordinated: 3 3
This cell is occupied! choose another one!
> 2 1
Enter the coordinated: 2 1
---------
| _ O _ |
| X _ _ |
| _ _ X |
---------
> 1 4
Enter the coordinated: 1 4
Coordinates should be from 1 to 3
> 2 2
Enter the coordinated: 2 2
---------
| _ O _ |
| X O _ |
| _ _ X |
---------
> 1 3
Enter the coordinated: 1 3
---------
| _ O X |
| X O _ |
| _ _ X |
---------
> 3 2
Enter the coordinated: 3 2
---------
| _ O X |
| X O _ |
| _ O X |
---------
O wins
?[1;31m
Start test 9?[0m
---------
| _ _ _ |
| _ _ _ |
| _ _ _ |
---------
> 4 1
Enter the coordinated: 4 1
Coordinates should be from 1 to 3
> 3 3
Enter the coordinated: 3 3
---------
| _ _ _ |
| _ _ _ |
| _ _ X |
---------
> 4 3
Enter the coordinated: 4 3
Coordinates should be from 1 to 3
> 2 4
Enter the coordinated: 2 4
Coordinates should be from 1 to 3
> 2 3
Enter the coordinated: 2 3
---------
| _ _ _ |
| _ _ O |
| _ _ X |
---------
> 2 3
Enter the coordinated: 2 3
This cell is occupied! choose another one!
> 4 1
Enter the coordinated: 4 1
Coordinates should be from 1 to 3
> 1 2
Enter the coordinated: 1 2
---------
| _ X _ |
| _ _ O |
| _ _ X |
---------
> 3 3
Enter the coordinated: 3 3
This cell is occupied! choose another one!
> 4 3
Enter the coordinated: 4 3
Coordinates should be from 1 to 3
> 3 3
Enter the coordinated: 3 3
This cell is occupied! choose another one!
> 1 1
Enter the coordinated: 1 1
---------
| O X _ |
| _ _ O |
| _ _ X |
---------
> 1 2
Enter the coordinated: 1 2
This cell is occupied! choose another one!
> 1 3
Enter the coordinated: 1 3
---------
| O X X |
| _ _ O |
| _ _ X |
---------
> 2 1
Enter the coordinated: 2 1
---------
| O X X |
| O _ O |
| _ _ X |
---------
> 2 2
Enter the coordinated: 2 2
---------
| O X X |
| O X O |
| _ _ X |
---------
> 2 3
Enter the coordinated: 2 3
This cell is occupied! choose another one!
> 3 1
Enter the coordinated: 3 1
---------
| O X X |
| O X O |
| O _ X |
---------
O wins
]]></system-out>
  <system-err><![CDATA[]]></system-err>
</testsuite>
